0 info it worked if it ends with ok
1 verbose cli [ 'C:\\Program Files\\nodejs\\node.exe',
1 verbose cli   'C:\\Program Files\\nodejs\\node_modules\\npm\\bin\\npm-cli.js',
1 verbose cli   'install',
1 verbose cli   'sudo-g',
1 verbose cli   'liveload' ]
2 info using npm@3.10.9
3 info using node@v6.9.2
4 verbose config Skipping project config: C:\Users\Administrator/.npmrc. (matches userconfig)
5 silly loadCurrentTree Starting
6 silly install loadCurrentTree
7 silly install readLocalPackageData
8 silly fetchPackageMetaData sudo-g
9 silly fetchPackageMetaData liveload
10 silly fetchNamedPackageData sudo-g
11 silly mapToRegistry name sudo-g
12 silly mapToRegistry using default registry
13 silly mapToRegistry registry https://registry.npmjs.org/
14 silly mapToRegistry data Result {
14 silly mapToRegistry   raw: 'sudo-g',
14 silly mapToRegistry   scope: null,
14 silly mapToRegistry   escapedName: 'sudo-g',
14 silly mapToRegistry   name: 'sudo-g',
14 silly mapToRegistry   rawSpec: '',
14 silly mapToRegistry   spec: 'latest',
14 silly mapToRegistry   type: 'tag' }
15 silly mapToRegistry uri https://registry.npmjs.org/sudo-g
16 silly fetchNamedPackageData liveload
17 silly mapToRegistry name liveload
18 silly mapToRegistry using default registry
19 silly mapToRegistry registry https://registry.npmjs.org/
20 silly mapToRegistry data Result {
20 silly mapToRegistry   raw: 'liveload',
20 silly mapToRegistry   scope: null,
20 silly mapToRegistry   escapedName: 'liveload',
20 silly mapToRegistry   name: 'liveload',
20 silly mapToRegistry   rawSpec: '',
20 silly mapToRegistry   spec: 'latest',
20 silly mapToRegistry   type: 'tag' }
21 silly mapToRegistry uri https://registry.npmjs.org/liveload
22 verbose request uri https://registry.npmjs.org/sudo-g
23 verbose request no auth needed
24 info attempt registry request try #1 at 20:36:05
25 verbose request id 864fbb3e15f6c4c8
26 http request GET https://registry.npmjs.org/sudo-g
27 verbose request uri https://registry.npmjs.org/liveload
28 verbose request no auth needed
29 info attempt registry request try #1 at 20:36:05
30 http request GET https://registry.npmjs.org/liveload
31 http 200 https://registry.npmjs.org/liveload
32 verbose headers { server: 'nginx/1.10.1',
32 verbose headers   'content-type': 'application/json',
32 verbose headers   'last-modified': 'Sun, 24 Nov 2013 08:50:43 GMT',
32 verbose headers   etag: 'W/"5291bde3-564c"',
32 verbose headers   'content-encoding': 'gzip',
32 verbose headers   'cache-control': 'max-age=300',
32 verbose headers   'content-length': '2530',
32 verbose headers   'accept-ranges': 'bytes',
32 verbose headers   date: 'Tue, 13 Dec 2016 12:46:27 GMT',
32 verbose headers   via: '1.1 varnish',
32 verbose headers   age: '0',
32 verbose headers   connection: 'keep-alive',
32 verbose headers   'x-served-by': 'cache-hkg6825-HKG',
32 verbose headers   'x-cache': 'MISS',
32 verbose headers   'x-cache-hits': '0',
32 verbose headers   'x-timer': 'S1481633187.686317,VS0,VE189',
32 verbose headers   vary: 'Accept-Encoding' }
33 silly get cb [ 200,
33 silly get   { server: 'nginx/1.10.1',
33 silly get     'content-type': 'application/json',
33 silly get     'last-modified': 'Sun, 24 Nov 2013 08:50:43 GMT',
33 silly get     etag: 'W/"5291bde3-564c"',
33 silly get     'content-encoding': 'gzip',
33 silly get     'cache-control': 'max-age=300',
33 silly get     'content-length': '2530',
33 silly get     'accept-ranges': 'bytes',
33 silly get     date: 'Tue, 13 Dec 2016 12:46:27 GMT',
33 silly get     via: '1.1 varnish',
33 silly get     age: '0',
33 silly get     connection: 'keep-alive',
33 silly get     'x-served-by': 'cache-hkg6825-HKG',
33 silly get     'x-cache': 'MISS',
33 silly get     'x-cache-hits': '0',
33 silly get     'x-timer': 'S1481633187.686317,VS0,VE189',
33 silly get     vary: 'Accept-Encoding' } ]
34 verbose get saving liveload to C:\Users\Administrator\AppData\Roaming\npm-cache\registry.npmjs.org\liveload\.cache.json
35 verbose correctMkdir C:\Users\Administrator\AppData\Roaming\npm-cache correctMkdir not in flight; initializing
36 http 404 https://registry.npmjs.org/sudo-g
37 verbose headers { 'content-type': 'application/json',
37 verbose headers   'cache-control': 'max-age=0',
37 verbose headers   'content-length': '2',
37 verbose headers   'accept-ranges': 'bytes',
37 verbose headers   date: 'Tue, 13 Dec 2016 12:46:28 GMT',
37 verbose headers   via: '1.1 varnish',
37 verbose headers   age: '0',
37 verbose headers   connection: 'keep-alive',
37 verbose headers   'x-served-by': 'cache-hkg6824-HKG',
37 verbose headers   'x-cache': 'MISS',
37 verbose headers   'x-cache-hits': '0',
37 verbose headers   'x-timer': 'S1481633187.096098,VS0,VE1219',
37 verbose headers   vary: 'Accept-Encoding' }
38 silly get cb [ 404,
38 silly get   { 'content-type': 'application/json',
38 silly get     'cache-control': 'max-age=0',
38 silly get     'content-length': '2',
38 silly get     'accept-ranges': 'bytes',
38 silly get     date: 'Tue, 13 Dec 2016 12:46:28 GMT',
38 silly get     via: '1.1 varnish',
38 silly get     age: '0',
38 silly get     connection: 'keep-alive',
38 silly get     'x-served-by': 'cache-hkg6824-HKG',
38 silly get     'x-cache': 'MISS',
38 silly get     'x-cache-hits': '0',
38 silly get     'x-timer': 'S1481633187.096098,VS0,VE1219',
38 silly get     vary: 'Accept-Encoding' } ]
39 silly fetchPackageMetaData Error: Registry returned 404 for GET on https://registry.npmjs.org/sudo-g
39 silly fetchPackageMetaData     at makeError (C:\Program Files\nodejs\node_modules\npm\node_modules\npm-registry-client\lib\request.js:302:12)
39 silly fetchPackageMetaData     at CachingRegistryClient.<anonymous> (C:\Program Files\nodejs\node_modules\npm\node_modules\npm-registry-client\lib\request.js:280:14)
39 silly fetchPackageMetaData     at Request._callback (C:\Program Files\nodejs\node_modules\npm\node_modules\npm-registry-client\lib\request.js:210:14)
39 silly fetchPackageMetaData     at Request.self.callback (C:\Program Files\nodejs\node_modules\npm\node_modules\request\request.js:187:22)
39 silly fetchPackageMetaData     at emitTwo (events.js:106:13)
39 silly fetchPackageMetaData     at Request.emit (events.js:191:7)
39 silly fetchPackageMetaData     at Request.<anonymous> (C:\Program Files\nodejs\node_modules\npm\node_modules\request\request.js:1048:10)
39 silly fetchPackageMetaData     at emitOne (events.js:96:13)
39 silly fetchPackageMetaData     at Request.emit (events.js:188:7)
39 silly fetchPackageMetaData     at IncomingMessage.<anonymous> (C:\Program Files\nodejs\node_modules\npm\node_modules\request\request.js:969:12)
39 silly fetchPackageMetaData  error for sudo-g { Error: Registry returned 404 for GET on https://registry.npmjs.org/sudo-g
39 silly fetchPackageMetaData     at makeError (C:\Program Files\nodejs\node_modules\npm\node_modules\npm-registry-client\lib\request.js:302:12)
39 silly fetchPackageMetaData     at CachingRegistryClient.<anonymous> (C:\Program Files\nodejs\node_modules\npm\node_modules\npm-registry-client\lib\request.js:280:14)
39 silly fetchPackageMetaData     at Request._callback (C:\Program Files\nodejs\node_modules\npm\node_modules\npm-registry-client\lib\request.js:210:14)
39 silly fetchPackageMetaData     at Request.self.callback (C:\Program Files\nodejs\node_modules\npm\node_modules\request\request.js:187:22)
39 silly fetchPackageMetaData     at emitTwo (events.js:106:13)
39 silly fetchPackageMetaData     at Request.emit (events.js:191:7)
39 silly fetchPackageMetaData     at Request.<anonymous> (C:\Program Files\nodejs\node_modules\npm\node_modules\request\request.js:1048:10)
39 silly fetchPackageMetaData     at emitOne (events.js:96:13)
39 silly fetchPackageMetaData     at Request.emit (events.js:188:7)
39 silly fetchPackageMetaData     at IncomingMessage.<anonymous> (C:\Program Files\nodejs\node_modules\npm\node_modules\request\request.js:969:12) pkgid: 'sudo-g', statusCode: 404, code: 'E404' }
40 silly rollbackFailedOptional Starting
41 silly rollbackFailedOptional Finishing
42 silly runTopLevelLifecycles Finishing
43 silly install printInstalled
44 verbose stack Error: Registry returned 404 for GET on https://registry.npmjs.org/sudo-g
44 verbose stack     at makeError (C:\Program Files\nodejs\node_modules\npm\node_modules\npm-registry-client\lib\request.js:302:12)
44 verbose stack     at CachingRegistryClient.<anonymous> (C:\Program Files\nodejs\node_modules\npm\node_modules\npm-registry-client\lib\request.js:280:14)
44 verbose stack     at Request._callback (C:\Program Files\nodejs\node_modules\npm\node_modules\npm-registry-client\lib\request.js:210:14)
44 verbose stack     at Request.self.callback (C:\Program Files\nodejs\node_modules\npm\node_modules\request\request.js:187:22)
44 verbose stack     at emitTwo (events.js:106:13)
44 verbose stack     at Request.emit (events.js:191:7)
44 verbose stack     at Request.<anonymous> (C:\Program Files\nodejs\node_modules\npm\node_modules\request\request.js:1048:10)
44 verbose stack     at emitOne (events.js:96:13)
44 verbose stack     at Request.emit (events.js:188:7)
44 verbose stack     at IncomingMessage.<anonymous> (C:\Program Files\nodejs\node_modules\npm\node_modules\request\request.js:969:12)
45 verbose statusCode 404
46 verbose pkgid sudo-g
47 verbose cwd C:\Users\Administrator\Desktop\tianmao
48 error Windows_NT 6.1.7601
49 error argv "C:\\Program Files\\nodejs\\node.exe" "C:\\Program Files\\nodejs\\node_modules\\npm\\bin\\npm-cli.js" "install" "sudo-g" "liveload"
50 error node v6.9.2
51 error npm  v3.10.9
52 error code E404
53 error 404 Registry returned 404 for GET on https://registry.npmjs.org/sudo-g
54 error 404
55 error 404 'sudo-g' is not in the npm registry.
56 error 404 You should bug the author to publish it (or use the name yourself!)
57 error 404 Note that you can also install from a
58 error 404 tarball, folder, http url, or git url.
59 verbose exit [ 1, true ]
